\BOOKMARK [0][]{chapter.1}{1 Introducci\363n}{}% 1
\BOOKMARK [1][]{section.1.1}{1.1 Radiaci\363n de Hawking}{chapter.1}% 2
\BOOKMARK [1][]{section.1.2}{1.2 Problema transplanckiano en la radiaci\363n de Hawking}{chapter.1}% 3
\BOOKMARK [0][]{chapter.2}{2 Radiaci\363n de Hawking an\341loga en sistemas ac\372sticos}{}% 4
\BOOKMARK [1][]{section.2.1}{2.1 Ondas sonoras en fluidos no Relativistas}{chapter.2}% 5
\BOOKMARK [2][]{subsection.2.1.1}{2.1.1 Linealizaci\363n de las ecuaciones de campo}{section.2.1}% 6
\BOOKMARK [1][]{section.2.2}{2.2 An\341logos de radiaci\363n de Hawking en condensados de Bose-Einstein}{chapter.2}% 7
\BOOKMARK [2][]{subsection.2.2.1}{2.2.1 Linealizaci\363n de la ecuaci\363n de campo}{section.2.2}% 8
\BOOKMARK [2][]{subsection.2.2.2}{2.2.2 Relaci\363n de dispersi\363n}{section.2.2}% 9
\BOOKMARK [2][]{subsection.2.2.3}{2.2.3 An\341lisis por teor\355a de inestabilidades}{section.2.2}% 10
\BOOKMARK [1][]{section.2.3}{2.3 Configuraci\363n de l\341ser de agujeros negros \(BHL\)}{chapter.2}% 11
\BOOKMARK [2][]{subsection.2.3.1}{2.3.1 Propagaci\363n de una onda plana a trav\351s del BHL}{section.2.3}% 12
\BOOKMARK [0][]{chapter.3}{3 Inestabilidades en un BHL}{}% 13
\BOOKMARK [1][]{section.3.1}{3.1 M\351todo gr\341fico: BHL con frecuencias reales}{chapter.3}% 14
\BOOKMARK [2][]{subsection.3.1.1}{3.1.1 Direcci\363n de viaje}{section.3.1}% 15
\BOOKMARK [2][]{subsection.3.1.2}{3.1.2 Horizonte}{section.3.1}% 16
\BOOKMARK [2][]{subsection.3.1.3}{3.1.3 Velocidad trans\363nica}{section.3.1}% 17
\BOOKMARK [1][]{section.3.2}{3.2 M\351todo anal\355tico: BHL con frecuencias complejas}{chapter.3}% 18
\BOOKMARK [2][]{subsection.3.2.1}{3.2.1 Descripci\363n cualitativa y cuantitativa}{section.3.2}% 19
\BOOKMARK [2][]{subsection.3.2.2}{3.2.2 Matriz de transferencia}{section.3.2}% 20
\BOOKMARK [1][]{section.3.3}{3.3 Estados confinados}{chapter.3}% 21
\BOOKMARK [1][]{section.3.4}{3.4 Comparaci\363n del modelo de inestabilidades con el m\351todo simple}{chapter.3}% 22
\BOOKMARK [2][]{subsection.3.4.1}{3.4.1 Condici\363n de resonancia}{section.3.4}% 23
\BOOKMARK [0][]{chapter.4}{4 Radiaci\363n de Hawking an\341loga en sistemas \363pticos}{}% 24
\BOOKMARK [1][]{section.4.1}{4.1 \323ptica no lineal}{chapter.4}% 25
\BOOKMARK [1][]{section.4.2}{4.2 Cuantizaci\363n del campo electromagn\351tico en medios no lineales}{chapter.4}% 26
\BOOKMARK [2][]{subsection.4.2.1}{4.2.1 Dispersi\363n}{section.4.2}% 27
\BOOKMARK [1][]{section.4.3}{4.3 Solit\363n cu\341ntico}{chapter.4}% 28
\BOOKMARK [2][]{subsection.4.3.1}{4.3.1 Transformaci\363n entre marcos de referencia}{section.4.3}% 29
\BOOKMARK [2][]{subsection.4.3.2}{4.3.2 Linealizaci\363n}{section.4.3}% 30
\BOOKMARK [2][]{subsection.4.3.3}{4.3.3 Relaci\363n de dispersi\363n}{section.4.3}% 31
\BOOKMARK [1][]{section.4.4}{4.4 Configuraci\363n de un l\341ser \363ptico de agujeros negros \(OBHL\)}{chapter.4}% 32
\BOOKMARK [0][]{chapter.5}{5 Inestabilidades en un OBHL}{}% 33
\BOOKMARK [1][]{section.5.1}{5.1 M\351todo gr\341fico: OBHL con frecuencias reales}{chapter.5}% 34
\BOOKMARK [1][]{section.5.2}{5.2 Direcci\363n de viaje}{chapter.5}% 35
\BOOKMARK [1][]{section.5.3}{5.3 Horizontes}{chapter.5}% 36
\BOOKMARK [1][]{section.5.4}{5.4 Velocidad translum\355nica}{chapter.5}% 37
\BOOKMARK [1][]{section.5.5}{5.5 M\351todo an\341litico: OBHL con frecuencias complejas}{chapter.5}% 38
\BOOKMARK [2][]{subsection.5.5.1}{5.5.1 Descripci\363n cualitativa y cuantitativa}{section.5.5}% 39
\BOOKMARK [2][]{subsection.5.5.2}{5.5.2 Estados confinados}{section.5.5}% 40
\BOOKMARK [1][]{section.5.6}{5.6 Comparaci\363n del modelo de inestabilidades con el m\351todo simple}{chapter.5}% 41
\BOOKMARK [2][]{subsection.5.6.1}{5.6.1 Condici\363n de resonancia}{section.5.6}% 42
\BOOKMARK [2][]{subsection.5.6.2}{5.6.2 Tiempo de propagaci\363n}{section.5.6}% 43
\BOOKMARK [0][]{chapter.6}{6 Conclusiones y perspectivas}{}% 44
\BOOKMARK [1][]{section.6.1}{6.1 Conclusiones}{chapter.6}% 45
\BOOKMARK [1][]{section.6.2}{6.2 Perspectivas}{chapter.6}% 46
\BOOKMARK [0][]{chapter*.36}{Bibliograf\355a}{}% 47
